<?xml version="1.0" encoding="UTF-8"?>
<!-- Generated by org.testng.reporters.JUnitReportReporter -->
<testsuite hostname="LAPTOP-6DBGRQ52" failures="0" tests="1" name="Saucedemo.Products" time="53.820" errors="0" timestamp="2020-11-05T16:11:43 GMT" skipped="0">
  <testcase classname="Saucedemo.Products" name="sortPrice" time="53.820"/>
  <system-out/>
</testsuite> <!-- Saucedemo.Products -->
